<?xml version="1.0" encoding="UTF-8"?>
<testng-results skipped="0" failed="0" ignored="0" total="1" passed="1">
  <reporter-output>
  </reporter-output>
  <suite name="Default suite" duration-ms="45" started-at="2017-12-18T07:45:19Z" finished-at="2017-12-18T07:45:19Z">
    <groups>
    </groups>
    <test name="Default test" duration-ms="45" started-at="2017-12-18T07:45:19Z" finished-at="2017-12-18T07:45:19Z">
      <class name="com.Testcase1">
        <test-method status="PASS" signature="testcase()[pri:0, instance:com.Testcase1@6276ae34]" name="testcase" duration-ms="15" started-at="2017-12-18T13:15:19Z" finished-at="2017-12-18T13:15:19Z">
          <reporter-output>
          </reporter-output>
        </test-method> <!-- testcase -->
      </class> <!-- com.Testcase1 -->
    </test> <!-- Default test -->
  </suite> <!-- Default suite -->
</testng-results>
